<?xml version="1.0" encoding="UTF-8"?>
<robot generator="Robot 6.1.1 (Python 3.12.1 on win32)" generated="20240116 11:54:09.873" rpa="false" schemaversion="4">
<suite id="s1" name="Alert" source="C:\Users\Lenovo\PycharmProjects\RobotFramework\pythonProject\tests\alert.robot">
<test id="s1-t1" name="Open the browser and handle alert" line="12">
<kw name="Open the browser with leafground url" library="alertPage">
<kw name="Create Webdriver" library="SeleniumLibrary">
<arg>Chrome</arg>
<arg>C:/Users/Lenovo/Downloads/chromedriver_win32</arg>
<doc>Creates an instance of Selenium WebDriver.</doc>
<msg timestamp="20240116 11:54:10.138" level="INFO">Creating an instance of the Chrome WebDriver.</msg>
<msg timestamp="20240116 11:54:10.762" level="WARN">There was an error managing chrome (error sending request for url (https://googlechromelabs.github.io/chrome-for-testing/known-good-versions-with-downloads.json): error trying to connect: dns error: No such host is known. (os error 11001)); using driver found in the cache</msg>
<status status="PASS" starttime="20240116 11:54:10.138" endtime="20240116 11:54:12.438"/>
</kw>
<kw name="Go To" library="SeleniumLibrary">
<arg>https://www.leafground.com/alert.xhtml;jsessionid=node0qjq6vbsjg45g1647tv77jh7hf53985.node0AC</arg>
<doc>Navigates the current browser window to the provided ``url``.</doc>
<msg timestamp="20240116 11:54:12.439" level="INFO">Opening url 'https://www.leafground.com/alert.xhtml;jsessionid=node0qjq6vbsjg45g1647tv77jh7hf53985.node0AC'</msg>
<msg timestamp="20240116 11:54:12.962" level="INFO" html="true">&lt;/td&gt;&lt;/tr&gt;&lt;tr&gt;&lt;td colspan="3"&gt;&lt;a href="selenium-screenshot-5.png"&gt;&lt;img src="selenium-screenshot-5.png" width="800px"&gt;&lt;/a&gt;</msg>
<msg timestamp="20240116 11:54:12.962" level="FAIL">WebDriverException: Message: unknown error: net::ERR_INTERNET_DISCONNECTED
  (Session info: chrome=120.0.6099.217)
Stacktrace:
	GetHandleVerifier [0x00007FF7D8032142+3514994]
	(No symbol) [0x00007FF7D7C50CE2]
	(No symbol) [0x00007FF7D7AF76AA]
	(No symbol) [0x00007FF7D7AEFB39]
	(No symbol) [0x00007FF7D7AE25DD]
	(No symbol) [0x00007FF7D7AE16FD]
	(No symbol) [0x00007FF7D7AE0746]
	(No symbol) [0x00007FF7D7AE06EB]
	(No symbol) [0x00007FF7D7ADEE3D]
	(No symbol) [0x00007FF7D7ADF603]
	(No symbol) [0x00007FF7D7AFA0FD]
	(No symbol) [0x00007FF7D7B82E01]
	(No symbol) [0x00007FF7D7B65FEA]
	(No symbol) [0x00007FF7D7B828F6]
	(No symbol) [0x00007FF7D7B65D93]
	(No symbol) [0x00007FF7D7B34BDC]
	(No symbol) [0x00007FF7D7B35C64]
	GetHandleVerifier [0x00007FF7D805E16B+3695259]
	GetHandleVerifier [0x00007FF7D80B6737+4057191]
	GetHandleVerifier [0x00007FF7D80AE4E3+4023827]
	GetHandleVerifier [0x00007FF7D7D804F9+689705]
	(No symbol) [0x00007FF7D7C5C048]
	(No symbol) [0x00007FF7D7C58044]
	(No symbol) [0x00007FF7D7C581C9]
	(No symbol) [0x00007FF7D7C488C4]
	BaseThreadInitThunk [0x00007FFF5586257D+29]
	RtlUserThreadStart [0x00007FFF5768AA58+40]
</msg>
<status status="FAIL" starttime="20240116 11:54:12.439" endtime="20240116 11:54:13.104"/>
</kw>
<status status="FAIL" starttime="20240116 11:54:10.138" endtime="20240116 11:54:13.104"/>
</kw>
<kw name="Open the alert box and click Ok" library="alertPage">
<status status="NOT RUN" starttime="20240116 11:54:13.105" endtime="20240116 11:54:13.105"/>
</kw>
<status status="FAIL" starttime="20240116 11:54:10.137" endtime="20240116 11:54:13.106">WebDriverException: Message: unknown error: net::ERR_INTERNET_DISCONNECTED
  (Session info: chrome=120.0.6099.217)
Stacktrace:
	GetHandleVerifier [0x00007FF7D8032142+3514994]
	(No symbol) [0x00007FF7D7C50CE2]
	(No symbol) [0x00007FF7D7AF76AA]
	(No symbol) [0x00007FF7D7AEFB39]
	(No symbol) [0x00007FF7D7AE25DD]
	(No symbol) [0x00007FF7D7AE16FD]
	(No symbol) [0x00007FF7D7AE0746]
	(No symbol) [0x00007FF7D7AE06EB]
	(No symbol) [0x00007FF7D7ADEE3D]
	(No symbol) [0x00007FF7D7ADF603]
	(No symbol) [0x00007FF7D7AFA0FD]
	(No symbol) [0x00007FF7D7B82E01]
	(No symbol) [0x00007FF7D7B65FEA]
	(No symbol) [0x00007FF7D7B828F6]
	(No symbol) [0x00007FF7D7B65D93]
	(No symbol) [0x00007FF7D7B34BDC]
	(No symbol) [0x00007FF7D7B35C64]
	GetHandleVerifier [0x00007FF7D805E16B+3695259]
	GetHandleVerifier [0x00007FF7D80B6737+4057191]
	GetHandleVerifier [0x00007FF7D80AE4E3+4023827]
	GetHandleVerifier [0x00007FF7D7D804F9+689705]
	(No symbol) [0x00007FF7D7C5C048]
	(No symbol) [0x00007FF7D7C58044]
	(No symbol) [0x00007FF7D7C581C9]
	(No symbol) [0x00007FF7D7C488C4]
	BaseThreadInitThunk [0x00007FFF5586257D+29]
	RtlUserThreadStart [0x00007FFF5768AA58+40]
</status>
</test>
<doc>To Handle alert</doc>
<status status="FAIL" starttime="20240116 11:54:09.874" endtime="20240116 11:54:13.108"/>
</suite>
<statistics>
<total>
<stat pass="0" fail="1" skip="0">All Tests</stat>
</total>
<tag>
</tag>
<suite>
<stat pass="0" fail="1" skip="0" id="s1" name="Alert">Alert</stat>
</suite>
</statistics>
<errors>
<msg timestamp="20240116 11:54:10.762" level="WARN">There was an error managing chrome (error sending request for url (https://googlechromelabs.github.io/chrome-for-testing/known-good-versions-with-downloads.json): error trying to connect: dns error: No such host is known. (os error 11001)); using driver found in the cache</msg>
</errors>
</robot>
