<?xml version="1.0" encoding="UTF-8"?>
<robot generator="Robot 6.1.1 (Python 3.12.1 on win32)" generated="20240110 16:54:12.242" rpa="false" schemaversion="4">
<suite id="s1" name="pythonProject" source="C:\Users\Lenovo\PycharmProjects\RobotFramework\pythonProject">
<suite id="s1-s1" name="Tests" source="C:\Users\Lenovo\PycharmProjects\RobotFramework\pythonProject\tests">
<suite id="s1-s1-s1" name="testDemoPO" source="C:\Users\Lenovo\PycharmProjects\RobotFramework\pythonProject\tests\testDemoPO.robot">
<test id="s1-s1-s1-t1" name="Add a Item To the Cart" line="13">
<kw name="open the browser and with swaglabs url" library="testDemoPoPage" type="SETUP">
<kw name="Create Webdriver" library="SeleniumLibrary">
<arg>Chrome</arg>
<arg>C:/Users/Lenovo/Downloads/chromedriver_win32</arg>
<doc>Creates an instance of Selenium WebDriver.</doc>
<msg timestamp="20240110 16:54:12.451" level="INFO">Creating an instance of the Chrome WebDriver.</msg>
<status status="PASS" starttime="20240110 16:54:12.451" endtime="20240110 16:54:13.925"/>
</kw>
<kw name="Go To" library="SeleniumLibrary">
<arg>https://www.saucedemo.com/v1/</arg>
<doc>Navigates the current browser window to the provided ``url``.</doc>
<msg timestamp="20240110 16:54:13.925" level="INFO">Opening url 'https://www.saucedemo.com/v1/'</msg>
<status status="PASS" starttime="20240110 16:54:13.925" endtime="20240110 16:54:15.525"/>
</kw>
<status status="PASS" starttime="20240110 16:54:12.451" endtime="20240110 16:54:15.525"/>
</kw>
<kw name="Fill the username and password" library="testDemoPoPage">
<kw name="Input Text" library="SeleniumLibrary">
<arg>${usernameLoc}</arg>
<arg>${usernameVal}</arg>
<doc>Types the given ``text`` into the text field identified by ``locator``.</doc>
<msg timestamp="20240110 16:54:15.526" level="INFO">Typing text 'standard_user' into text field 'css:[name="user-name"]'.</msg>
<status status="PASS" starttime="20240110 16:54:15.526" endtime="20240110 16:54:15.610"/>
</kw>
<kw name="Input Password" library="SeleniumLibrary">
<arg>${passwordLoc}</arg>
<arg>${passwordVal}</arg>
<doc>Types the given password into the text field identified by ``locator``.</doc>
<msg timestamp="20240110 16:54:15.610" level="INFO">Typing password into text field 'css:[name="password"]'.</msg>
<msg timestamp="20240110 16:54:15.636" level="INFO">Temporally setting log level to: NONE</msg>
<msg timestamp="20240110 16:54:15.677" level="INFO">Log level changed from NONE to INFO.</msg>
<status status="PASS" starttime="20240110 16:54:15.610" endtime="20240110 16:54:15.678"/>
</kw>
<kw name="Click Button" library="SeleniumLibrary">
<arg>${loginButton}</arg>
<doc>Clicks the button identified by ``locator``.</doc>
<msg timestamp="20240110 16:54:15.678" level="INFO">Clicking button 'id:login-button'.</msg>
<status status="PASS" starttime="20240110 16:54:15.678" endtime="20240110 16:54:19.626"/>
</kw>
<status status="PASS" starttime="20240110 16:54:15.526" endtime="20240110 16:54:19.626"/>
</kw>
<kw name="wait for login" library="testDemoPoPage">
<kw name="Wait Until Element Is Visible" library="SeleniumLibrary">
<arg>${container}</arg>
<doc>Waits until the element ``locator`` is visible.</doc>
<status status="PASS" starttime="20240110 16:54:19.627" endtime="20240110 16:54:19.645"/>
</kw>
<status status="PASS" starttime="20240110 16:54:19.626" endtime="20240110 16:54:19.646"/>
</kw>
<kw name="verify login" library="testDemoPoPage">
<kw name="Get Text" library="SeleniumLibrary">
<var>${result}</var>
<arg>${AddToContainer}</arg>
<doc>Returns the text value of the element identified by ``locator``.</doc>
<msg timestamp="20240110 16:54:19.664" level="INFO">${result} = ADD TO CART</msg>
<status status="PASS" starttime="20240110 16:54:19.646" endtime="20240110 16:54:19.664"/>
</kw>
<kw name="Should Be Equal As Strings" library="BuiltIn">
<arg>${result}</arg>
<arg>ADD TO CART</arg>
<doc>Fails if objects are unequal after converting them to strings.</doc>
<status status="PASS" starttime="20240110 16:54:19.665" endtime="20240110 16:54:19.665"/>
</kw>
<status status="PASS" starttime="20240110 16:54:19.646" endtime="20240110 16:54:19.665"/>
</kw>
<kw name="Click the add to cart button" library="testDemoPoPage">
<kw name="Click Button" library="SeleniumLibrary">
<arg>${addToCartButton}</arg>
<doc>Clicks the button identified by ``locator``.</doc>
<msg timestamp="20240110 16:54:19.665" level="INFO">Clicking button 'xpath:(//button[@class="btn_primary btn_inventory"])[1]'.</msg>
<status status="PASS" starttime="20240110 16:54:19.665" endtime="20240110 16:54:19.709"/>
</kw>
<status status="PASS" starttime="20240110 16:54:19.665" endtime="20240110 16:54:19.709"/>
</kw>
<kw name="Check the cart added or not and click the cart button" library="testDemoPoPage">
<kw name="Wait Until Element Is Visible" library="SeleniumLibrary">
<arg>${containerVerify}</arg>
<doc>Waits until the element ``locator`` is visible.</doc>
<status status="PASS" starttime="20240110 16:54:19.709" endtime="20240110 16:54:19.729"/>
</kw>
<kw name="Element Should Be Visible" library="SeleniumLibrary">
<arg>${containerVerify}</arg>
<doc>Verifies that the element identified by ``locator`` is visible.</doc>
<msg timestamp="20240110 16:54:19.741" level="INFO">Element 'css:#shopping_cart_container &gt; a &gt; span' is displayed.</msg>
<status status="PASS" starttime="20240110 16:54:19.729" endtime="20240110 16:54:19.741"/>
</kw>
<kw name="Click Element" library="SeleniumLibrary">
<arg>${container}</arg>
<doc>Click the element identified by ``locator``.</doc>
<msg timestamp="20240110 16:54:19.742" level="INFO">Clicking element 'id:shopping_cart_container'.</msg>
<status status="PASS" starttime="20240110 16:54:19.741" endtime="20240110 16:54:19.958"/>
</kw>
<status status="PASS" starttime="20240110 16:54:19.709" endtime="20240110 16:54:19.959"/>
</kw>
<kw name="Click the checkout button" library="testDemoPoPage">
<kw name="Wait Until Element Is Visible" library="SeleniumLibrary">
<arg>${checkoutButton}</arg>
<doc>Waits until the element ``locator`` is visible.</doc>
<status status="PASS" starttime="20240110 16:54:19.959" endtime="20240110 16:54:19.978"/>
</kw>
<kw name="Click Element" library="SeleniumLibrary">
<arg>${checkoutButton}</arg>
<doc>Click the element identified by ``locator``.</doc>
<msg timestamp="20240110 16:54:19.979" level="INFO">Clicking element 'css:[class="btn_action checkout_button"]'.</msg>
<status status="PASS" starttime="20240110 16:54:19.978" endtime="20240110 16:54:20.234"/>
</kw>
<status status="PASS" starttime="20240110 16:54:19.959" endtime="20240110 16:54:20.234"/>
</kw>
<kw name="Fill the details" library="testDemoPoPage">
<kw name="Wait Until Element Is Visible" library="SeleniumLibrary">
<arg>${firstName}</arg>
<doc>Waits until the element ``locator`` is visible.</doc>
<status status="PASS" starttime="20240110 16:54:20.235" endtime="20240110 16:54:20.256"/>
</kw>
<kw name="Input Text" library="SeleniumLibrary">
<arg>${firstName}</arg>
<arg>Rev</arg>
<doc>Types the given ``text`` into the text field identified by ``locator``.</doc>
<msg timestamp="20240110 16:54:20.256" level="INFO">Typing text 'Rev' into text field 'first-name'.</msg>
<status status="PASS" starttime="20240110 16:54:20.256" endtime="20240110 16:54:20.314"/>
</kw>
<kw name="Input Text" library="SeleniumLibrary">
<arg>${lastName}</arg>
<arg>Revanth</arg>
<doc>Types the given ``text`` into the text field identified by ``locator``.</doc>
<msg timestamp="20240110 16:54:20.315" level="INFO">Typing text 'Revanth' into text field 'last-name'.</msg>
<status status="PASS" starttime="20240110 16:54:20.315" endtime="20240110 16:54:20.376"/>
</kw>
<kw name="Input Text" library="SeleniumLibrary">
<arg>${zipCode}</arg>
<arg>641402</arg>
<doc>Types the given ``text`` into the text field identified by ``locator``.</doc>
<msg timestamp="20240110 16:54:20.376" level="INFO">Typing text '641402' into text field 'postal-code'.</msg>
<status status="PASS" starttime="20240110 16:54:20.376" endtime="20240110 16:54:20.438"/>
</kw>
<status status="PASS" starttime="20240110 16:54:20.234" endtime="20240110 16:54:20.438"/>
</kw>
<kw name="Click the continue button and finish button" library="testDemoPoPage">
<kw name="Click Button" library="SeleniumLibrary">
<arg>${continueButton}</arg>
<doc>Clicks the button identified by ``locator``.</doc>
<msg timestamp="20240110 16:54:20.438" level="INFO">Clicking button 'css:[class="btn_primary cart_button"]'.</msg>
<status status="PASS" starttime="20240110 16:54:20.438" endtime="20240110 16:54:20.675"/>
</kw>
<kw name="Wait Until Element Is Visible" library="SeleniumLibrary">
<arg>${finishButton}</arg>
<doc>Waits until the element ``locator`` is visible.</doc>
<status status="PASS" starttime="20240110 16:54:20.675" endtime="20240110 16:54:20.696"/>
</kw>
<kw name="Scroll Element Into View" library="SeleniumLibrary">
<arg>${finishButton}</arg>
<doc>Scrolls the element identified by ``locator`` into view.</doc>
<status status="PASS" starttime="20240110 16:54:20.696" endtime="20240110 16:54:20.967"/>
</kw>
<kw name="Click Element" library="SeleniumLibrary">
<arg>${finishButton}</arg>
<doc>Click the element identified by ``locator``.</doc>
<msg timestamp="20240110 16:54:20.969" level="INFO">Clicking element 'xpath://a[text()='FINISH']'.</msg>
<status status="PASS" starttime="20240110 16:54:20.967" endtime="20240110 16:54:21.360"/>
</kw>
<status status="PASS" starttime="20240110 16:54:20.438" endtime="20240110 16:54:21.360"/>
</kw>
<kw name="Validate the purchase" library="testDemoPoPage">
<kw name="Get Text" library="SeleniumLibrary">
<var>${text}</var>
<arg>${finalText}</arg>
<doc>Returns the text value of the element identified by ``locator``.</doc>
<msg timestamp="20240110 16:54:21.375" level="INFO">${text} = THANK YOU FOR YOUR ORDER</msg>
<status status="PASS" starttime="20240110 16:54:21.360" endtime="20240110 16:54:21.375"/>
</kw>
<kw name="Should Be Equal As Strings" library="BuiltIn">
<arg>${text}</arg>
<arg>THANK YOU FOR YOUR ORDER</arg>
<doc>Fails if objects are unequal after converting them to strings.</doc>
<status status="PASS" starttime="20240110 16:54:21.375" endtime="20240110 16:54:21.376"/>
</kw>
<status status="PASS" starttime="20240110 16:54:21.360" endtime="20240110 16:54:21.376"/>
</kw>
<status status="PASS" starttime="20240110 16:54:12.450" endtime="20240110 16:54:21.376"/>
</test>
<doc>To validate Login</doc>
<status status="PASS" starttime="20240110 16:54:12.262" endtime="20240110 16:54:21.377"/>
</suite>
<status status="PASS" starttime="20240110 16:54:12.261" endtime="20240110 16:54:21.377"/>
</suite>
<status status="PASS" starttime="20240110 16:54:12.243" endtime="20240110 16:54:21.379"/>
</suite>
<statistics>
<total>
<stat pass="1" fail="0" skip="0">All Tests</stat>
</total>
<tag>
</tag>
<suite>
<stat pass="1" fail="0" skip="0" id="s1" name="pythonProject">pythonProject</stat>
<stat pass="1" fail="0" skip="0" id="s1-s1" name="Tests">pythonProject.Tests</stat>
<stat pass="1" fail="0" skip="0" id="s1-s1-s1" name="testDemoPO">pythonProject.Tests.testDemoPO</stat>
</suite>
</statistics>
<errors>
</errors>
</robot>
