<?xml version="1.0" encoding="UTF-8"?>
<robot generator="Robot 6.1.1 (Python 3.12.1 on win32)" generated="20240109 14:02:46.763" rpa="false" schemaversion="4">
<suite id="s1" name="pythonProject" source="C:\Users\Lenovo\PycharmProjects\RobotFramework\pythonProject">
<suite id="s1-s1" name="Tests" source="C:\Users\Lenovo\PycharmProjects\RobotFramework\pythonProject\tests">
<suite id="s1-s1-s1" name="Alert" source="C:\Users\Lenovo\PycharmProjects\RobotFramework\pythonProject\tests\alert.robot">
<test id="s1-s1-s1-t1" name="Open the browser and handle alert" line="10">
<kw name="Open the browser with leafground url">
<kw name="Create Webdriver" library="SeleniumLibrary">
<arg>Chrome</arg>
<arg>C:/Users/Lenovo/Downloads/chromedriver_win32</arg>
<doc>Creates an instance of Selenium WebDriver.</doc>
<msg timestamp="20240109 14:02:47.259" level="INFO">Creating an instance of the Chrome WebDriver.</msg>
<status status="PASS" starttime="20240109 14:02:47.258" endtime="20240109 14:02:50.351"/>
</kw>
<kw name="Go To" library="SeleniumLibrary">
<arg>https://www.leafground.com/alert.xhtml;jsessionid=node0qjq6vbsjg45g1647tv77jh7hf53985.node0AC</arg>
<doc>Navigates the current browser window to the provided ``url``.</doc>
<msg timestamp="20240109 14:02:50.353" level="INFO">Opening url 'https://www.leafground.com/alert.xhtml;jsessionid=node0qjq6vbsjg45g1647tv77jh7hf53985.node0AC'</msg>
<status status="PASS" starttime="20240109 14:02:50.352" endtime="20240109 14:02:50.950"/>
</kw>
<status status="PASS" starttime="20240109 14:02:47.257" endtime="20240109 14:02:50.950"/>
</kw>
<kw name="Open the alert box and click Ok">
<kw name="Wait Until Element Is Visible" library="SeleniumLibrary">
<arg>${alertBox}</arg>
<doc>Waits until the element ``locator`` is visible.</doc>
<status status="PASS" starttime="20240109 14:02:50.952" endtime="20240109 14:02:55.945"/>
</kw>
<kw name="Click Element" library="SeleniumLibrary">
<arg>${alertBox}</arg>
<doc>Click the element identified by ``locator``.</doc>
<msg timestamp="20240109 14:02:55.947" level="INFO">Clicking element '(//span[@class="ui-button-text ui-c"])[2]'.</msg>
<status status="PASS" starttime="20240109 14:02:55.945" endtime="20240109 14:02:56.036"/>
</kw>
<kw name="Handle Alert" library="SeleniumLibrary">
<doc>Handles the current alert and returns its message.</doc>
<msg timestamp="20240109 14:02:56.037" level="INFO">HANDLE::&lt;class 'NoneType'&gt;::None</msg>
<status status="PASS" starttime="20240109 14:02:56.036" endtime="20240109 14:02:56.050"/>
</kw>
<status status="PASS" starttime="20240109 14:02:50.951" endtime="20240109 14:02:56.051"/>
</kw>
<status status="PASS" starttime="20240109 14:02:47.255" endtime="20240109 14:02:56.051"/>
</test>
<doc>To Handle alert</doc>
<status status="PASS" starttime="20240109 14:02:46.817" endtime="20240109 14:02:56.052"/>
</suite>
<status status="PASS" starttime="20240109 14:02:46.813" endtime="20240109 14:02:56.052"/>
</suite>
<status status="PASS" starttime="20240109 14:02:46.779" endtime="20240109 14:02:56.053"/>
</suite>
<statistics>
<total>
<stat pass="1" fail="0" skip="0">All Tests</stat>
</total>
<tag>
</tag>
<suite>
<stat pass="1" fail="0" skip="0" id="s1" name="pythonProject">pythonProject</stat>
<stat pass="1" fail="0" skip="0" id="s1-s1" name="Tests">pythonProject.Tests</stat>
<stat pass="1" fail="0" skip="0" id="s1-s1-s1" name="Alert">pythonProject.Tests.Alert</stat>
</suite>
</statistics>
<errors>
</errors>
</robot>
