<?xml version="1.0" encoding="UTF-8"?>
<robot generator="Robot 6.1.1 (Python 3.12.1 on win32)" generated="20240109 14:02:46.774" rpa="false" schemaversion="4">
<suite id="s1" name="pythonProject" source="C:\Users\Lenovo\PycharmProjects\RobotFramework\pythonProject">
<suite id="s1-s1" name="Tests" source="C:\Users\Lenovo\PycharmProjects\RobotFramework\pythonProject\tests">
<suite id="s1-s1-s1" name="testDemo" source="C:\Users\Lenovo\PycharmProjects\RobotFramework\pythonProject\tests\testDemo.robot">
<test id="s1-s1-s1-t1" name="validate successful login" line="11">
<kw name="open the browser and with swaglabs url" library="LandingPage">
<kw name="Create Webdriver" library="SeleniumLibrary">
<arg>Chrome</arg>
<arg>C:/Users/Lenovo/Downloads/chromedriver_win32</arg>
<doc>Creates an instance of Selenium WebDriver.</doc>
<msg timestamp="20240109 14:02:47.227" level="INFO">Creating an instance of the Chrome WebDriver.</msg>
<status status="PASS" starttime="20240109 14:02:47.225" endtime="20240109 14:02:51.076"/>
</kw>
<kw name="Go To" library="SeleniumLibrary">
<arg>https://www.saucedemo.com/v1/</arg>
<doc>Navigates the current browser window to the provided ``url``.</doc>
<msg timestamp="20240109 14:02:51.078" level="INFO">Opening url 'https://www.saucedemo.com/v1/'</msg>
<status status="PASS" starttime="20240109 14:02:51.076" endtime="20240109 14:02:54.676"/>
</kw>
<status status="PASS" starttime="20240109 14:02:47.225" endtime="20240109 14:02:54.676"/>
</kw>
<kw name="Fill the username and password" library="LandingPage">
<kw name="Input Text" library="SeleniumLibrary">
<arg>${username}</arg>
<arg>${usernameVal}</arg>
<doc>Types the given ``text`` into the text field identified by ``locator``.</doc>
<msg timestamp="20240109 14:02:54.678" level="INFO">Typing text 'standard_user' into text field 'css:[name="user-name"]'.</msg>
<status status="PASS" starttime="20240109 14:02:54.677" endtime="20240109 14:02:54.831"/>
</kw>
<kw name="Input Password" library="SeleniumLibrary">
<arg>${password}</arg>
<arg>${passwordVal}</arg>
<doc>Types the given password into the text field identified by ``locator``.</doc>
<msg timestamp="20240109 14:02:54.832" level="INFO">Typing password into text field 'css:[name="password"]'.</msg>
<msg timestamp="20240109 14:02:54.885" level="INFO">Temporally setting log level to: NONE</msg>
<msg timestamp="20240109 14:02:54.969" level="INFO">Log level changed from NONE to INFO.</msg>
<status status="PASS" starttime="20240109 14:02:54.831" endtime="20240109 14:02:54.969"/>
</kw>
<kw name="Click Button" library="SeleniumLibrary">
<arg>${loginButton}</arg>
<doc>Clicks the button identified by ``locator``.</doc>
<msg timestamp="20240109 14:02:54.970" level="INFO">Clicking button 'id:login-button'.</msg>
<status status="PASS" starttime="20240109 14:02:54.969" endtime="20240109 14:02:58.510"/>
</kw>
<status status="PASS" starttime="20240109 14:02:54.676" endtime="20240109 14:02:58.511"/>
</kw>
<kw name="wait for login" library="LandingPage">
<kw name="Wait Until Element Is Visible" library="SeleniumLibrary">
<arg>${container}</arg>
<doc>Waits until the element ``locator`` is visible.</doc>
<status status="PASS" starttime="20240109 14:02:58.511" endtime="20240109 14:02:58.542"/>
</kw>
<status status="PASS" starttime="20240109 14:02:58.511" endtime="20240109 14:02:58.542"/>
</kw>
<kw name="verify login" library="LandingPage">
<kw name="Get Text" library="SeleniumLibrary">
<var>${result}</var>
<arg>${AddToContainer}</arg>
<doc>Returns the text value of the element identified by ``locator``.</doc>
<msg timestamp="20240109 14:02:58.572" level="INFO">${result} = ADD TO CART</msg>
<status status="PASS" starttime="20240109 14:02:58.543" endtime="20240109 14:02:58.573"/>
</kw>
<kw name="Should Be Equal As Strings" library="BuiltIn">
<arg>${result}</arg>
<arg>ADD TO CART</arg>
<doc>Fails if objects are unequal after converting them to strings.</doc>
<status status="PASS" starttime="20240109 14:02:58.573" endtime="20240109 14:02:58.573"/>
</kw>
<status status="PASS" starttime="20240109 14:02:58.542" endtime="20240109 14:02:58.573"/>
</kw>
<kw name="Hello World" library="Shop">
<msg timestamp="20240109 14:02:58.574" level="INFO">hello</msg>
<status status="PASS" starttime="20240109 14:02:58.574" endtime="20240109 14:02:58.574"/>
</kw>
<status status="PASS" starttime="20240109 14:02:47.223" endtime="20240109 14:02:58.574"/>
</test>
<doc>To validate login</doc>
<status status="PASS" starttime="20240109 14:02:46.830" endtime="20240109 14:02:58.574"/>
</suite>
<status status="PASS" starttime="20240109 14:02:46.826" endtime="20240109 14:02:58.576"/>
</suite>
<status status="PASS" starttime="20240109 14:02:46.792" endtime="20240109 14:02:58.577"/>
</suite>
<statistics>
<total>
<stat pass="1" fail="0" skip="0">All Tests</stat>
</total>
<tag>
</tag>
<suite>
<stat pass="1" fail="0" skip="0" id="s1" name="pythonProject">pythonProject</stat>
<stat pass="1" fail="0" skip="0" id="s1-s1" name="Tests">pythonProject.Tests</stat>
<stat pass="1" fail="0" skip="0" id="s1-s1-s1" name="testDemo">pythonProject.Tests.testDemo</stat>
</suite>
</statistics>
<errors>
</errors>
</robot>
