<?xml version="1.0" encoding="UTF-8"?>
<robot generator="Robot 6.1.1 (Python 3.12.1 on win32)" generated="20240109 14:02:46.786" rpa="false" schemaversion="4">
<suite id="s1" name="pythonProject" source="C:\Users\Lenovo\PycharmProjects\RobotFramework\pythonProject">
<suite id="s1-s1" name="Tests" source="C:\Users\Lenovo\PycharmProjects\RobotFramework\pythonProject\tests">
<suite id="s1-s1-s1" name="Parameterization" source="C:\Users\Lenovo\PycharmProjects\RobotFramework\pythonProject\tests\parameterization.robot">
<test id="s1-s1-s1-t1" name="valid" line="14">
<kw name="validate login">
<arg>standard_user</arg>
<arg>secret_sauce</arg>
<kw name="open the browser and with swaglabs url">
<kw name="Create Webdriver" library="SeleniumLibrary">
<arg>Chrome</arg>
<arg>C:/Users/Lenovo/Downloads/chromedriver_win32</arg>
<doc>Creates an instance of Selenium WebDriver.</doc>
<msg timestamp="20240109 14:02:47.216" level="INFO">Creating an instance of the Chrome WebDriver.</msg>
<status status="PASS" starttime="20240109 14:02:47.214" endtime="20240109 14:02:48.992"/>
</kw>
<kw name="Go To" library="SeleniumLibrary">
<arg>https://www.saucedemo.com/v1/</arg>
<doc>Navigates the current browser window to the provided ``url``.</doc>
<msg timestamp="20240109 14:02:48.993" level="INFO">Opening url 'https://www.saucedemo.com/v1/'</msg>
<status status="PASS" starttime="20240109 14:02:48.992" endtime="20240109 14:02:50.594"/>
</kw>
<status status="PASS" starttime="20240109 14:02:47.214" endtime="20240109 14:02:50.595"/>
</kw>
<kw name="Fill the username and password">
<arg>${username}</arg>
<arg>${password}</arg>
<kw name="Input Text" library="SeleniumLibrary">
<arg>${usernameLocator}</arg>
<arg>${username}</arg>
<doc>Types the given ``text`` into the text field identified by ``locator``.</doc>
<msg timestamp="20240109 14:02:50.597" level="INFO">Typing text 'standard_user' into text field 'css:[name="user-name"]'.</msg>
<status status="PASS" starttime="20240109 14:02:50.596" endtime="20240109 14:02:50.884"/>
</kw>
<kw name="Input Password" library="SeleniumLibrary">
<arg>${passwordLocator}</arg>
<arg>${password}</arg>
<doc>Types the given password into the text field identified by ``locator``.</doc>
<msg timestamp="20240109 14:02:50.885" level="INFO">Typing password into text field 'css:[name="password"]'.</msg>
<msg timestamp="20240109 14:02:51.013" level="INFO">Temporally setting log level to: NONE</msg>
<msg timestamp="20240109 14:02:51.158" level="INFO">Log level changed from NONE to INFO.</msg>
<status status="PASS" starttime="20240109 14:02:50.884" endtime="20240109 14:02:51.158"/>
</kw>
<kw name="Click Button" library="SeleniumLibrary">
<arg>${loginButton}</arg>
<doc>Clicks the button identified by ``locator``.</doc>
<msg timestamp="20240109 14:02:51.160" level="INFO">Clicking button 'id:login-button'.</msg>
<status status="PASS" starttime="20240109 14:02:51.158" endtime="20240109 14:02:56.368"/>
</kw>
<status status="PASS" starttime="20240109 14:02:50.595" endtime="20240109 14:02:56.368"/>
</kw>
<kw name="wait for login">
<kw name="Wait Until Element Is Visible" library="SeleniumLibrary">
<arg>${container}</arg>
<doc>Waits until the element ``locator`` is visible.</doc>
<status status="PASS" starttime="20240109 14:02:56.369" endtime="20240109 14:02:56.401"/>
</kw>
<status status="PASS" starttime="20240109 14:02:56.368" endtime="20240109 14:02:56.401"/>
</kw>
<kw name="verify login">
<kw name="Get Text" library="SeleniumLibrary">
<var>${result}</var>
<arg>(//button[@class="btn_primary btn_inventory"])[1]</arg>
<doc>Returns the text value of the element identified by ``locator``.</doc>
<msg timestamp="20240109 14:02:56.432" level="INFO">${result} = ADD TO CART</msg>
<status status="PASS" starttime="20240109 14:02:56.402" endtime="20240109 14:02:56.433"/>
</kw>
<kw name="Should Be Equal As Strings" library="BuiltIn">
<arg>${result}</arg>
<arg>ADD TO CART</arg>
<doc>Fails if objects are unequal after converting them to strings.</doc>
<status status="PASS" starttime="20240109 14:02:56.433" endtime="20240109 14:02:56.434"/>
</kw>
<status status="PASS" starttime="20240109 14:02:56.401" endtime="20240109 14:02:56.434"/>
</kw>
<status status="PASS" starttime="20240109 14:02:47.213" endtime="20240109 14:02:56.434"/>
</kw>
<status status="PASS" starttime="20240109 14:02:47.212" endtime="20240109 14:02:56.434"/>
</test>
<test id="s1-s1-s1-t2" name="invalid username" line="15">
<kw name="validate login">
<arg>rev</arg>
<arg>standard_user</arg>
<kw name="open the browser and with swaglabs url">
<kw name="Create Webdriver" library="SeleniumLibrary">
<arg>Chrome</arg>
<arg>C:/Users/Lenovo/Downloads/chromedriver_win32</arg>
<doc>Creates an instance of Selenium WebDriver.</doc>
<msg timestamp="20240109 14:02:56.441" level="INFO">Creating an instance of the Chrome WebDriver.</msg>
<status status="PASS" starttime="20240109 14:02:56.439" endtime="20240109 14:02:58.068"/>
</kw>
<kw name="Go To" library="SeleniumLibrary">
<arg>https://www.saucedemo.com/v1/</arg>
<doc>Navigates the current browser window to the provided ``url``.</doc>
<msg timestamp="20240109 14:02:58.070" level="INFO">Opening url 'https://www.saucedemo.com/v1/'</msg>
<status status="PASS" starttime="20240109 14:02:58.070" endtime="20240109 14:02:59.564"/>
</kw>
<status status="PASS" starttime="20240109 14:02:56.437" endtime="20240109 14:02:59.564"/>
</kw>
<kw name="Fill the username and password">
<arg>${username}</arg>
<arg>${password}</arg>
<kw name="Input Text" library="SeleniumLibrary">
<arg>${usernameLocator}</arg>
<arg>${username}</arg>
<doc>Types the given ``text`` into the text field identified by ``locator``.</doc>
<msg timestamp="20240109 14:02:59.565" level="INFO">Typing text 'rev' into text field 'css:[name="user-name"]'.</msg>
<status status="PASS" starttime="20240109 14:02:59.564" endtime="20240109 14:02:59.673"/>
</kw>
<kw name="Input Password" library="SeleniumLibrary">
<arg>${passwordLocator}</arg>
<arg>${password}</arg>
<doc>Types the given password into the text field identified by ``locator``.</doc>
<msg timestamp="20240109 14:02:59.674" level="INFO">Typing password into text field 'css:[name="password"]'.</msg>
<msg timestamp="20240109 14:02:59.712" level="INFO">Temporally setting log level to: NONE</msg>
<msg timestamp="20240109 14:02:59.774" level="INFO">Log level changed from NONE to INFO.</msg>
<status status="PASS" starttime="20240109 14:02:59.673" endtime="20240109 14:02:59.774"/>
</kw>
<kw name="Click Button" library="SeleniumLibrary">
<arg>${loginButton}</arg>
<doc>Clicks the button identified by ``locator``.</doc>
<msg timestamp="20240109 14:02:59.775" level="INFO">Clicking button 'id:login-button'.</msg>
<status status="PASS" starttime="20240109 14:02:59.774" endtime="20240109 14:02:59.839"/>
</kw>
<status status="PASS" starttime="20240109 14:02:59.564" endtime="20240109 14:02:59.839"/>
</kw>
<kw name="wait for login">
<kw name="Wait Until Element Is Visible" library="SeleniumLibrary">
<arg>${container}</arg>
<doc>Waits until the element ``locator`` is visible.</doc>
<msg timestamp="20240109 14:03:04.978" level="INFO" html="true">&lt;/td&gt;&lt;/tr&gt;&lt;tr&gt;&lt;td colspan="3"&gt;&lt;a href="selenium-screenshot-1.png"&gt;&lt;img src="selenium-screenshot-1.png" width="800px"&gt;&lt;/a&gt;</msg>
<msg timestamp="20240109 14:03:04.978" level="FAIL">Element 'id:shopping_cart_container' not visible after 5 seconds.</msg>
<status status="FAIL" starttime="20240109 14:02:59.839" endtime="20240109 14:03:04.982"/>
</kw>
<status status="FAIL" starttime="20240109 14:02:59.839" endtime="20240109 14:03:04.983"/>
</kw>
<kw name="verify login">
<status status="NOT RUN" starttime="20240109 14:03:04.983" endtime="20240109 14:03:04.983"/>
</kw>
<status status="FAIL" starttime="20240109 14:02:56.437" endtime="20240109 14:03:04.983"/>
</kw>
<status status="FAIL" starttime="20240109 14:02:56.435" endtime="20240109 14:03:04.983">Element 'id:shopping_cart_container' not visible after 5 seconds.</status>
</test>
<test id="s1-s1-s1-t3" name="invalid password" line="16">
<kw name="validate login">
<arg>standard_user</arg>
<arg>rev</arg>
<kw name="open the browser and with swaglabs url">
<kw name="Create Webdriver" library="SeleniumLibrary">
<arg>Chrome</arg>
<arg>C:/Users/Lenovo/Downloads/chromedriver_win32</arg>
<doc>Creates an instance of Selenium WebDriver.</doc>
<msg timestamp="20240109 14:03:04.985" level="INFO">Creating an instance of the Chrome WebDriver.</msg>
<status status="PASS" starttime="20240109 14:03:04.985" endtime="20240109 14:03:06.542"/>
</kw>
<kw name="Go To" library="SeleniumLibrary">
<arg>https://www.saucedemo.com/v1/</arg>
<doc>Navigates the current browser window to the provided ``url``.</doc>
<msg timestamp="20240109 14:03:06.543" level="INFO">Opening url 'https://www.saucedemo.com/v1/'</msg>
<status status="PASS" starttime="20240109 14:03:06.543" endtime="20240109 14:03:08.165"/>
</kw>
<status status="PASS" starttime="20240109 14:03:04.984" endtime="20240109 14:03:08.165"/>
</kw>
<kw name="Fill the username and password">
<arg>${username}</arg>
<arg>${password}</arg>
<kw name="Input Text" library="SeleniumLibrary">
<arg>${usernameLocator}</arg>
<arg>${username}</arg>
<doc>Types the given ``text`` into the text field identified by ``locator``.</doc>
<msg timestamp="20240109 14:03:08.166" level="INFO">Typing text 'standard_user' into text field 'css:[name="user-name"]'.</msg>
<status status="PASS" starttime="20240109 14:03:08.166" endtime="20240109 14:03:08.294"/>
</kw>
<kw name="Input Password" library="SeleniumLibrary">
<arg>${passwordLocator}</arg>
<arg>${password}</arg>
<doc>Types the given password into the text field identified by ``locator``.</doc>
<msg timestamp="20240109 14:03:08.296" level="INFO">Typing password into text field 'css:[name="password"]'.</msg>
<msg timestamp="20240109 14:03:08.333" level="INFO">Temporally setting log level to: NONE</msg>
<msg timestamp="20240109 14:03:08.380" level="INFO">Log level changed from NONE to INFO.</msg>
<status status="PASS" starttime="20240109 14:03:08.294" endtime="20240109 14:03:08.380"/>
</kw>
<kw name="Click Button" library="SeleniumLibrary">
<arg>${loginButton}</arg>
<doc>Clicks the button identified by ``locator``.</doc>
<msg timestamp="20240109 14:03:08.380" level="INFO">Clicking button 'id:login-button'.</msg>
<status status="PASS" starttime="20240109 14:03:08.380" endtime="20240109 14:03:08.446"/>
</kw>
<status status="PASS" starttime="20240109 14:03:08.165" endtime="20240109 14:03:08.446"/>
</kw>
<kw name="wait for login">
<kw name="Wait Until Element Is Visible" library="SeleniumLibrary">
<arg>${container}</arg>
<doc>Waits until the element ``locator`` is visible.</doc>
<msg timestamp="20240109 14:03:13.579" level="INFO" html="true">&lt;/td&gt;&lt;/tr&gt;&lt;tr&gt;&lt;td colspan="3"&gt;&lt;a href="selenium-screenshot-2.png"&gt;&lt;img src="selenium-screenshot-2.png" width="800px"&gt;&lt;/a&gt;</msg>
<msg timestamp="20240109 14:03:13.580" level="FAIL">Element 'id:shopping_cart_container' not visible after 5 seconds.</msg>
<status status="FAIL" starttime="20240109 14:03:08.446" endtime="20240109 14:03:13.581"/>
</kw>
<status status="FAIL" starttime="20240109 14:03:08.446" endtime="20240109 14:03:13.581"/>
</kw>
<kw name="verify login">
<status status="NOT RUN" starttime="20240109 14:03:13.581" endtime="20240109 14:03:13.582"/>
</kw>
<status status="FAIL" starttime="20240109 14:03:04.984" endtime="20240109 14:03:13.582"/>
</kw>
<status status="FAIL" starttime="20240109 14:03:04.983" endtime="20240109 14:03:13.582">Element 'id:shopping_cart_container' not visible after 5 seconds.</status>
</test>
<doc>To validate login</doc>
<status status="FAIL" starttime="20240109 14:02:46.839" endtime="20240109 14:03:13.583"/>
</suite>
<status status="FAIL" starttime="20240109 14:02:46.835" endtime="20240109 14:03:13.584"/>
</suite>
<status status="FAIL" starttime="20240109 14:02:46.805" endtime="20240109 14:03:13.586"/>
</suite>
<statistics>
<total>
<stat pass="1" fail="2" skip="0">All Tests</stat>
</total>
<tag>
</tag>
<suite>
<stat pass="1" fail="2" skip="0" id="s1" name="pythonProject">pythonProject</stat>
<stat pass="1" fail="2" skip="0" id="s1-s1" name="Tests">pythonProject.Tests</stat>
<stat pass="1" fail="2" skip="0" id="s1-s1-s1" name="Parameterization">pythonProject.Tests.Parameterization</stat>
</suite>
</statistics>
<errors>
</errors>
</robot>
