<?xml version="1.0" encoding="UTF-8"?>
<robot generator="Robot 6.1.1 (Python 3.12.1 on win32)" generated="20240109 14:02:46.829" rpa="false" schemaversion="4">
<suite id="s1" name="pythonProject" source="C:\Users\Lenovo\PycharmProjects\RobotFramework\pythonProject">
<suite id="s1-s1" name="Tests" source="C:\Users\Lenovo\PycharmProjects\RobotFramework\pythonProject\tests">
<suite id="s1-s1-s1" name="testDemo1" source="C:\Users\Lenovo\PycharmProjects\RobotFramework\pythonProject\tests\testDemo1.robot">
<test id="s1-s1-s1-t1" name="validate successful login" line="13">
<kw name="open the browser and with swaglabs url" library="resource" type="SETUP">
<kw name="Create Webdriver" library="SeleniumLibrary">
<arg>Chrome</arg>
<arg>C:/Users/Lenovo/Downloads/chromedriver_win32</arg>
<doc>Creates an instance of Selenium WebDriver.</doc>
<msg timestamp="20240109 14:02:47.256" level="INFO">Creating an instance of the Chrome WebDriver.</msg>
<status status="PASS" starttime="20240109 14:02:47.255" endtime="20240109 14:02:50.409"/>
</kw>
<kw name="Go To" library="SeleniumLibrary">
<arg>https://www.saucedemo.com/v1/</arg>
<doc>Navigates the current browser window to the provided ``url``.</doc>
<msg timestamp="20240109 14:02:50.411" level="INFO">Opening url 'https://www.saucedemo.com/v1/'</msg>
<status status="PASS" starttime="20240109 14:02:50.411" endtime="20240109 14:02:53.701"/>
</kw>
<status status="PASS" starttime="20240109 14:02:47.254" endtime="20240109 14:02:53.701"/>
</kw>
<kw name="open the browser and with swaglabs url" library="resource">
<kw name="Create Webdriver" library="SeleniumLibrary">
<arg>Chrome</arg>
<arg>C:/Users/Lenovo/Downloads/chromedriver_win32</arg>
<doc>Creates an instance of Selenium WebDriver.</doc>
<msg timestamp="20240109 14:02:53.705" level="INFO">Creating an instance of the Chrome WebDriver.</msg>
<status status="PASS" starttime="20240109 14:02:53.702" endtime="20240109 14:02:55.810"/>
</kw>
<kw name="Go To" library="SeleniumLibrary">
<arg>https://www.saucedemo.com/v1/</arg>
<doc>Navigates the current browser window to the provided ``url``.</doc>
<msg timestamp="20240109 14:02:55.812" level="INFO">Opening url 'https://www.saucedemo.com/v1/'</msg>
<status status="PASS" starttime="20240109 14:02:55.812" endtime="20240109 14:02:57.296"/>
</kw>
<status status="PASS" starttime="20240109 14:02:53.702" endtime="20240109 14:02:57.296"/>
</kw>
<kw name="Fill the username and password">
<arg>${usernameVal}</arg>
<arg>${passwordVal}</arg>
<kw name="Input Text" library="SeleniumLibrary">
<arg>${username}</arg>
<arg>${usernameVal}</arg>
<doc>Types the given ``text`` into the text field identified by ``locator``.</doc>
<msg timestamp="20240109 14:02:57.298" level="INFO">Typing text 'standard_user' into text field 'css:[name="user-name"]'.</msg>
<status status="PASS" starttime="20240109 14:02:57.297" endtime="20240109 14:02:57.433"/>
</kw>
<kw name="Input Password" library="SeleniumLibrary">
<arg>${password}</arg>
<arg>${passwordVal}</arg>
<doc>Types the given password into the text field identified by ``locator``.</doc>
<msg timestamp="20240109 14:02:57.434" level="INFO">Typing password into text field 'css:[name="password"]'.</msg>
<msg timestamp="20240109 14:02:57.485" level="INFO">Temporally setting log level to: NONE</msg>
<msg timestamp="20240109 14:02:57.549" level="INFO">Log level changed from NONE to INFO.</msg>
<status status="PASS" starttime="20240109 14:02:57.433" endtime="20240109 14:02:57.549"/>
</kw>
<kw name="Click Button" library="SeleniumLibrary">
<arg>${loginButton}</arg>
<doc>Clicks the button identified by ``locator``.</doc>
<msg timestamp="20240109 14:02:57.549" level="INFO">Clicking button 'id:login-button'.</msg>
<status status="PASS" starttime="20240109 14:02:57.549" endtime="20240109 14:03:01.371"/>
</kw>
<status status="PASS" starttime="20240109 14:02:57.296" endtime="20240109 14:03:01.372"/>
</kw>
<kw name="wait for login">
<kw name="Wait Until Element Is Visible" library="SeleniumLibrary">
<arg>${container}</arg>
<doc>Waits until the element ``locator`` is visible.</doc>
<status status="PASS" starttime="20240109 14:03:01.373" endtime="20240109 14:03:01.402"/>
</kw>
<status status="PASS" starttime="20240109 14:03:01.373" endtime="20240109 14:03:01.403"/>
</kw>
<kw name="verify login">
<kw name="Get Text" library="SeleniumLibrary">
<var>${result}</var>
<arg>${AddToContainer}</arg>
<doc>Returns the text value of the element identified by ``locator``.</doc>
<msg timestamp="20240109 14:03:01.431" level="INFO">${result} = ADD TO CART</msg>
<status status="PASS" starttime="20240109 14:03:01.403" endtime="20240109 14:03:01.431"/>
</kw>
<kw name="Should Be Equal As Strings" library="BuiltIn">
<arg>${result}</arg>
<arg>ADD TO CART</arg>
<doc>Fails if objects are unequal after converting them to strings.</doc>
<status status="PASS" starttime="20240109 14:03:01.433" endtime="20240109 14:03:01.433"/>
</kw>
<status status="PASS" starttime="20240109 14:03:01.403" endtime="20240109 14:03:01.433"/>
</kw>
<status status="PASS" starttime="20240109 14:02:47.251" endtime="20240109 14:03:01.433"/>
</test>
<doc>To validate login</doc>
<status status="PASS" starttime="20240109 14:02:46.877" endtime="20240109 14:03:01.434"/>
</suite>
<status status="PASS" starttime="20240109 14:02:46.873" endtime="20240109 14:03:01.435"/>
</suite>
<status status="PASS" starttime="20240109 14:02:46.844" endtime="20240109 14:03:01.435"/>
</suite>
<statistics>
<total>
<stat pass="1" fail="0" skip="0">All Tests</stat>
</total>
<tag>
</tag>
<suite>
<stat pass="1" fail="0" skip="0" id="s1" name="pythonProject">pythonProject</stat>
<stat pass="1" fail="0" skip="0" id="s1-s1" name="Tests">pythonProject.Tests</stat>
<stat pass="1" fail="0" skip="0" id="s1-s1-s1" name="testDemo1">pythonProject.Tests.testDemo1</stat>
</suite>
</statistics>
<errors>
</errors>
</robot>
