<?xml version="1.0" encoding="UTF-8"?>
<robot generator="Robot 6.1.1 (Python 3.12.1 on win32)" generated="20240109 14:02:46.791" rpa="false" schemaversion="4">
<suite id="s1" name="pythonProject" source="C:\Users\Lenovo\PycharmProjects\RobotFramework\pythonProject">
<suite id="s1-s1" name="Tests" source="C:\Users\Lenovo\PycharmProjects\RobotFramework\pythonProject\tests">
<suite id="s1-s1-s1" name="windowHandle" source="C:\Users\Lenovo\PycharmProjects\RobotFramework\pythonProject\tests\windowHandle.robot">
<test id="s1-s1-s1-t1" name="Open the browser and handle the child window" line="8">
<kw name="Open the browser and leafground url">
<kw name="Create Webdriver" library="SeleniumLibrary">
<arg>Chrome</arg>
<arg>C:/Users/Lenovo/Downloads/chromedriver_win32</arg>
<doc>Creates an instance of Selenium WebDriver.</doc>
<msg timestamp="20240109 14:02:47.221" level="INFO">Creating an instance of the Chrome WebDriver.</msg>
<status status="PASS" starttime="20240109 14:02:47.220" endtime="20240109 14:02:50.432"/>
</kw>
<kw name="Go To" library="SeleniumLibrary">
<arg>https://www.leafground.com/window.xhtml</arg>
<doc>Navigates the current browser window to the provided ``url``.</doc>
<msg timestamp="20240109 14:02:50.433" level="INFO">Opening url 'https://www.leafground.com/window.xhtml'</msg>
<status status="PASS" starttime="20240109 14:02:50.433" endtime="20240109 14:02:51.068"/>
</kw>
<status status="PASS" starttime="20240109 14:02:47.220" endtime="20240109 14:02:51.069"/>
</kw>
<kw name="Handle the child window">
<kw name="Click Button" library="SeleniumLibrary">
<arg>${windowButton}</arg>
<doc>Clicks the button identified by ``locator``.</doc>
<msg timestamp="20240109 14:02:51.071" level="INFO">Clicking button 'css:[id="j_idt88:new"]'.</msg>
<status status="PASS" starttime="20240109 14:02:51.070" endtime="20240109 14:02:56.019"/>
</kw>
<kw name="Switch Window" library="SeleniumLibrary">
<arg>NEW</arg>
<doc>Switches to browser window matching ``locator``.</doc>
<status status="PASS" starttime="20240109 14:02:56.020" endtime="20240109 14:02:56.049"/>
</kw>
<status status="PASS" starttime="20240109 14:02:51.069" endtime="20240109 14:02:56.050"/>
</kw>
<status status="PASS" starttime="20240109 14:02:47.218" endtime="20240109 14:02:56.050"/>
</test>
<doc>To Handle child window</doc>
<status status="PASS" starttime="20240109 14:02:46.843" endtime="20240109 14:02:56.051"/>
</suite>
<status status="PASS" starttime="20240109 14:02:46.839" endtime="20240109 14:02:56.052"/>
</suite>
<status status="PASS" starttime="20240109 14:02:46.808" endtime="20240109 14:02:56.053"/>
</suite>
<statistics>
<total>
<stat pass="1" fail="0" skip="0">All Tests</stat>
</total>
<tag>
</tag>
<suite>
<stat pass="1" fail="0" skip="0" id="s1" name="pythonProject">pythonProject</stat>
<stat pass="1" fail="0" skip="0" id="s1-s1" name="Tests">pythonProject.Tests</stat>
<stat pass="1" fail="0" skip="0" id="s1-s1-s1" name="windowHandle">pythonProject.Tests.windowHandle</stat>
</suite>
</statistics>
<errors>
</errors>
</robot>
